<?xml version="1.0" encoding="UTF-8"?>
<!-- Generated by org.testng.reporters.JUnitXMLReporter -->
<testsuite ignored="0" hostname="LAPTOP-UJL0HGV0" failures="0" tests="5" name="Default test" time="19.57" errors="0" timestamp="2022-09-30T19:02:12 EDT">
  <testcase classname="com.portal.cms.TestClass" name="logoValidationOfDOR" time="3.096"/>
  <testcase classname="com.portal.cms.TestClass" name="clickingSearchButtonTest" time="3.136"/>
  <testcase classname="com.portal.cms.TestClass" name="clickingSearchEditTest" time="4.749"/>
  <testcase classname="com.portal.cms.TestClass" name="clickingSearchTaxes" time="3.732"/>
  <testcase classname="com.portal.cms.TestClass" name="clickingSearchForms" time="0.65"/>
</testsuite> <!-- Default test -->
